[    0.000000] Linux version 4.15.0-91-generic (buildd@lgw01-amd64-013) (gcc version 7.4.0 (Ubuntu 7.4.0-1ubuntu1~18.04.1)) #92-Ubuntu SMP Fri Feb 28 11:09:48 UTC 2020 (Ubuntu 4.15.0-91.92-generic 4.15.18)
[    0.000000] Commad line: BOOT_IMAGE=/boot/vmlinuz-4.15.0-91-generic root=LABEL=cloudimg-rootfs ro console=tty1 console=ttyS0
[    0.000000] KERNEL supported cpus:
[    0.000000]   Intel GenuineIntel
[    0.000000]   AMD AuthenticAMD
[    0.000000]   Centaur CentaurHauls
[    0.000000] x86/fpu: Supporting XSAVE feature 0x001: 'x87 floating point registers'
[    0.000000] x86/fpu: Supporting XSAVE feature 0x002: 'SSE registers'
[    0.000000] x86/fpu: Supporting XSAVE feature 0x004: 'AVX registers'
[    0.000000] x86/fpu: xstate_offset[2]:  576, xstate_sizes[2]:  256
[    0.000000] x86/fpu: Enabled xstate features 0x7, context size is 832 bytes, using 'standard' format.
[    0.000000] e820: BIOS-provided physical RAM map:
[    0.000000] BIOS-e820: [mem 0x0000000000000000-0x000000000009fbff] usable
[    0.000000] BIOS-e820: [mem 0x000000000009fc00-0x000000000009ffff] reserved
[    0.000000] BIOS-e820: [mem 0x00000000000f0000-0x00000000000fffff] reserved
[    0.000000] BIOS-e820: [mem 0x0000000000100000-0x000000003ffeffff] usable
[    0.000000] BIOS-e820: [mem 0x000000003fff0000-0x000000003fffffff] ACPI data
[    0.000000] BIOS-e820: [mem 0x00000000fec00000-0x00000000fec00fff] reserved
[    0.000000] BIOS-e820: [mem 0x00000000fee00000-0x00000000fee00fff] reserved
[    0.000000] BIOS-e820: [mem 0x00000000fffc0000-0x00000000ffffffff] reserved
[    0.000000] NX (Execute Disable) protection: active
[    0.000000] SMBIOS 2.5 present.
[    0.000000] DMI: innotek GmbH VirtualBox/VirtualBox, BIOS VirtualBox 12/01/2006
[    0.000000] Hypervisor detected: KVM
[    0.000000] e820: last_pfn = 0x3fff0 max_arch_pfn = 0x400000000
[    0.000000] MTRR: Disabled
[    0.000000] x86/PAT: MTRRs disabled, skipping PAT initialization too.
[    0.000000] CPU MTRRs all blank - virtualized system.
[    0.000000] x86/PAT: Configuration [0-7]: WB  WT  UC- UC  WB  WT  UC- UC  
[    0.000000] found SMP MP-table at [mem 0x0009fff0-0x0009ffff]
[    0.000000] Scanning 1 areas for low memory corruption
[    0.000000] RAMDISK: [mem 0x35a6b000-0x36d2cfff]
[    0.000000] ACPI: Early table checksum verification disabled
[    0.000000] ACPI: RSDP 0x00000000000E0000 000024 (v02 VBOX  )
[    0.000000] ACPI: XSDT 0x000000003FFF0030 00003C (v01 VBOX   VBOXXSDT 00000001 ASL  00000061)
[    0.000000] ACPI: FACP 0x000000003FFF00F0 0000F4 (v04 VBOX   VBOXFACP 00000001 ASL  00000061)
[    0.000000] ACPI: DSDT 0x000000003FFF0470 0021FF (v02 VBOX   VBOXBIOS 00000002 INTL 20180105)
[    0.000000] ACPI: FACS 0x000000003FFF0200 000040
[    0.000000] ACPI: FACS 0x000000003FFF0200 000040
[    0.000000] ACPI: APIC 0x000000003FFF0240 00005C (v02 VBOX   VBOXAPIC 00000001 ASL  00000061)
[    0.000000] ACPI: SSDT 0x000000003FFF02A0 0001CC (v01 VBOX   VBOXCPUT 00000002 INTL 20180105)
[    0.000000] No NUMA configuration found
[    0.000000] Faking a node at [mem 0x0000000000000000-0x000000003ffeffff]
[    0.000000] NODE_DATA(0) allocated [mem 0x3ffc5000-0x3ffeffff]
[    0.000000] kvm-clock: cpu 0, msr 0:3ff44001, primary cpu clock
[    0.000000] kvm-clock: Using msrs 4b564d01 and 4b564d00
[    0.000000] kvm-clock:using sched offset of 3926547079 cycles
[    0.000000] clocksource: kvm-clock: mask: 0xfffffffffffffff max_cycles: 0x1cd42e4dffb, max_idle_ns: 881590591483 ns
[    0.000000] Zone ranges:
[    0.000000]   DMA      [mem 0x0000000000001000-0x0000000000ffffff]
[    0.000000]   DMA32    [mem 0x0000000001000000-0x000000003ffeffff]
[    0.000000]   Normal   empty
[    0.000000]   Device   empty
[    0.000000] Movable zone start for each node
[    0.000000] Early memory node ranges
[    0.000000]   node   0: [mem 0x0000000000001000-0x000000000009efff]
[    0.000000]   node   0: [mem 0x0000000000100000-0x000000003ffeffff]
[    0.000000] Reserved but unavailable: 98 pages
[    0.000000] Initmem setup node 0 [mem 0x0000000000001000-0x000000003ffeffff]
[    0.000000] ACPI: PM-Timer IO Port: 0x4008
[    0.000000] IOAPIC[0]: apic_id 2, version 32, address 0xfec00000, GSI 0-23
[    0.000000] ACPI: INT_SRC_OVR (bus 0 bus_irq 0 global_irq 2 dfl dfl)
[    0.000000] ACPI: INT_SRC_OVR (bus 0 bus_irq 9 global_irq 9 low level)
[    0.000000] Using ACPI (MADT) for SMP configuration information
[    0.000000] smpboot: Allowing 2 CPUs, 0 hotplug CPUs
[    0.000000] PM: Registered nosave memory: [mem 0x00000000-0x00000fff]
[    0.000000] PM: Registered nosave memory: [mem 0x0009f000-0x0009ffff]
[    0.000000] PM: Registered nosave memory: [mem 0x000a0000-0x000effff]
[    0.000000] PM: Registered nosave memory: [mem 0x000f0000-0x000fffff]
[    0.000000] e820: [mem 0x40000000-0xfebfffff] available for PCI devices
[    0.000000] Booting paravirtualized kernel on KVM
[    0.000000] clocksource: refined-jiffies: mask: 0xffffffff max_cycles: 0xffffffff, max_idle_ns: 7645519600211568 ns
[    0.000000] random: get_random_bytes called from start_kernel+0x99/0x4fd with crng_init=0
[    0.000000] setup_percpu: NR_CPUS:8192 nr_cpumask_bits:2 nr_cpu_ids:2 nr_node_ids:1
[    0.000000] percpu: Embedded 45 pages/cpu s147456 r8192 d28672 u1048576
[    0.000000] PV qspinlock hash table entries: 256 (order: 0, 4096 bytes)
[    0.000000] Built 1 zonelists, mobility grouping on.  Total pages: 257913
[    0.000000] Policy zone: DMA32
[    0.000000] Kernel command line: BOOT_IMAGE=/boot/vmlinuz-4.15.0-91-generic root=LABEL=cloudimg-rootfs ro console=tty1 console=ttyS0
[    0.000000] Memory: 983060K/1048120K available (12300K kernel code, 2481K rwdata, 4264K rodata, 2432K init, 2712K bss, 65060K reserved, 0K cma-reserved)
[    0.000000] SLUB: HWalign=64, Order=0-3, MinObjects=0, CPUs=2, Nodes=1
[    0.000000] Kernel/User page tables isolation: enabled
[    0.000000] ftrace: allocating 39347 entries in 154 pages
[    0.004000] Hierarchical RCU implementation.
[    0.004000] 	RCU restricting CPUs from NR_CPUS=8192 to nr_cpu_ids=2.
[    0.004000] 	Tasks RCU enabled.
[    0.004000] RCU: Adjusting geometry for rcu_fanout_leaf=16, nr_cpu_ids=2
[    0.004000] NR_IRQS: 524544, nr_irqs: 440, preallocated irqs: 16
[    0.004000] Console: colour VGA+ 80x25
[    0.004000] console [tty1] enabled
[    0.004000] console [ttyS0] enabled
[    0.004000] ACPI: Core revision 20170831
[    0.004000] ACPI: 2 ACPI AML tables successfully acquired and loaded
[    0.004000] APIC: Switch to symmetric I/O mode setup
[    0.004000] x2apic nabled
[    0.004009] Switched APIC routing to pphysical x2apic.
[    0.009549] ..TIMER: vector=0x30 apic1=0 pin1=2 apic2=-1 pin2=-1
[    0.012003] tsc: Detected 1993.588 MHz processor
[    0.016016] Calibrating delay loop (skipped) preset value.. 3987.17 BogoMIPS (lpj=7974352)
[    0.018398] pid_max: default: 32768 minimum: 301
[    0.019801] Security Framework initialized
[    0.020004] Yama: becoming mindful.
[    0.021097] AppArmor: AppArmor initialized
[    0.024065] Dentry cache hash table entries: 131072 (order: 8, 1048576 bytes)
[    0.026250] Inode-cache hash table entries: 65536 (order: 7, 524288 bytes)
[    0.028018] Mount-cache hash table entries: 2048 (order: 2, 16384 bytes)
[    0.029938] Mountpoint-cache hash table entries: 2048 (order: 2, 16384 bytes)
[    0.032349] Last level iTLB entries: 4KB 64, 2MB 8, 4MB 8
[    0.033973] Last level dTLB entries: 4KB 64, 2MB 0, 4MB 0, 1GB 4
[    0.036004] Spectre V1 : Mitigation: usercopy/swapgs barriers and __user pointer sanitization
[    0.038464] Spectre V2 : Mitigation: Full generic retpoline
[    0.040002] Spectre V2 : Spectre v2 / SpectreRSB mitigation: Filling RSB on context switch
[    0.042399] Speculative Store Bypass: Vulnerable
[    0.044006] MDS: Mitigation: Clear CPU buffers
[    0.045545] Freeing SMP alternatives memory: 36K
[    0.159170] smpboot: CPU0: Intel(R) Core(TM) i3-5005U CPU @ 2.00GHz (family: 0x6, model: 0x3d, stepping: 0x4)
[    0.160123] Performance Events: unsupported p6 CPU model 61 no PMU driver, software events only.
[    0.164053] Hierarchical SRCU implementation.
[    0.166373] NMI watchdog: Perf event create on CPU 0 failed with -2
[    0.168009] NMI watchdog: Perf NMI watchdog permanently disabled
[    0.169837] smp: Bringing up secondary CPUs ...
[    0.172124] x86: Booting SMP configuration:
[    0.173384] .... node  #0, CPUs:      #1
[    0.004000] kvm-clock: cpu 1, msr 0:3ff44041, secondary cpu clock
[    0.176033] smp: Brought up 1 node, 2 CPUs
[    0.177285] smpboot: Max logical packages: 1
[    0.180015] smpboot: Total of 2 processors activated (7974.35 BogoMIPS)
[    0.188005] devtmpfs: initialized
[    0.189152] x86/mm: Memory block size: 128MB
[    0.190661] evm: security.selinux
[    0.191720] evm: security.SMACK64
[    0.192006] evm: security.SMACK64EXEC
[    0.193144] evm: security.SMACK64TRANSMUTE
[    0.194385] evm: security.SMACK64MMAP
[    0.196004] evm: security.apparmor
[    0.198141] evm: security.ima
[    0.199143] evm: security.capability
[    0.200122] clocksource: jiffies: mask: 0xffffffff max_cycles: 0xffffffff, max_idle_ns: 7645041785100000 ns
[    0.202843] futex hash table entries: 512 (order: 3, 32768 bytes)
[    0.204745] pinctrl core: initialized pinctrl subsystem
[    0.206497] RTC time: 18:29:42, date: 05/13/20
[    0.208229] NET: Registered protocol family 16
[    0.209655] audit: initializing netlink subsys (disabled)
[    0.212048] audit: type=2000 audit(1589394586.399:1): state=initialized audit_enabled=0 res=1
[    0.216024] cpuidle: using governor ladder
[    0.217269] cpuidle: using governor menu
[    0.218521] ACPI: bus type PCI registered
[    0.219759] acpiphp: ACPI Hot Plug PCI Controller Driver version: 0.5
[    0.220132] PCI: Using configuration type 1 for base access
[    0.224919] HugeTLB registered 2.00 MiB page size, pre-allocated 0 pages
[    0.226030] ACPI: Added _OSI(Module Device)
[    0.227132] ACPI: Added _OSI(Processor Device)
[    0.228006] ACPI: Added _OSI(3.0 _SCP Extensions)
[    0.229401] ACPI: Added _OSI(Processor Aggregator Device)
[    0.230988] ACPI: Added _OSI(Linux-Dell-Video)
[    0.232004] ACPI: Added _OSI(Linux-Lenovo-NV-HDMI-Audio)
[    0.233591] ACPI: Added _OSI(Linux-HPI-Hybrid-Graphics)
[    0.236392] ACPI: Executed 1 blocks of module-level executable AML code
[    0.243232] ACPI: Interpreter enabled
[    0.244020] ACPI: (supports S0 S5)
[    0.245065] ACPI: Using IOAPIC for interrupt routing
[    0.246867] PCI: Using host bridge windows from ACPI; if necessary, use "pci=nocrs" and report a bug
[    0.248260] ACPI: Enabled 2 GPEs in block 00 to 07
[    0.260897] ACPI: PCI Root Bridge [PCI0] (domain 0000 [bus 00-ff])
[    0.262769] acpi PNP0A03:00: _OSC: OS supports [ASPM ClockPM Segments MSI]
[    0.264045] acpi PNP0A03:00: _OSC: not requesting OS control; OS requires [ExtendedConfig ASPM ClockPM MSI]
[    0.266844] acpi PNP0A03:00: fail to add MMCONFIG information, can't access extended PCI configuration space under this bridge.
[    0.268494] PCI host bridge to bus 0000:00
[    0.272006] pci_bus 0000:00: root bus resource [io  0x0000-0x0cf7 window]
[    0.273972] pci_bus 0000:00: root bus resource [io  0x0d00-0xffff window]
[    0.276005] pci_bus 0000:00: root bus resource [mem 0x000a0000-0x000bffff window]
[    0.278218] pci_bus 0000:00: root bus resource [mem 0x40000000-0xfdffffff window]
[    0.280004] pci_bus 0000:00: root bus resource [bus 00-ff]
[    0.285159] pci 0000:00:01.1: legacy IDE quirk: reg 0x10: [io  0x01f0-0x01f7]
[    0.287222] pci 0000:00:01.1: legacy IDE quirk: reg 0x14: [io  0x03f6]
[    0.288005] pci 0000:00:01.1: legacy IDE quirk: reg 0x18: [io  0x0170-0x0177]
[    0.290037] pci 0000:00:01.1: legacy IDE quirk: reg 0x1c: [io  0x0376]
[    0.322110] pci 0000:00:07.0: quirk: [io  0x4000-0x403f] claimed by PIIX4 ACPI
[    0.324033] pci 0000:00:07.0: quirk: [io  0x4100-0x410f] claimed by PIIX4 SMB
[    0.339776] ACPI: PCI Interrupt Link [LNKA] (IRQs 5 9 10 *11)
[    0.344093] ACPI: PCI Interrupt Link [LNKB] (IRQs 5 9 *10 11)
[    0.346244] ACPI: PCI Interrupt Link [LNKC] (IRQs 5 *9 10 11)
[    0.348182] ACPI: PCI Interrupt Link [LNKD] (IRQs 5 9 10 *11)
[    0.351545] SCSI subsystem initialized
[    0.352000] pci 0000:00:02.0: vgaarb: setting as boot VGA device
[    0.352000] pci 0000:00:02.0: vgaarb: VGA device added: decodes=io+mem,owns=io+mem,locks=none
[    0.352027] pci 0000:00:02.0: vgaarb: bridge control possible
[    0.353350] vgaarb: loaded
[    0.356075] ACPI: bus type USB registered
[    0.360044] usbcore: registered new interface driver usbfs
[    0.364037] usbcore: registered new interface driver hub
[    0.368049] usbcore: registered new device driver usb
[    0.372099] EDAC MC: Ver: 3.0.0
[    0.376324] PCI: Using ACPI for IRQ routing
[    0.380257] NetLabel: Initializing
[    0.381397] NetLabel:  domain hash size = 128
[    0.382736] NetLabel:  protocols = UNLABELED CIPSOv4 CALIPSO
[    0.384028] NetLabel:  unlabeled traffic allowed by default
[    0.388113] clocksource: Switched to clocksource kvm-clock
[    0.406725] VFS: Disk quotas dquot_6.6.0
[    0.480715VFS: Dquot-cache hash table entries: 512 (order 0, 4096 bytes)
[    0.540021] AppArmor: AppArmor Filesystem Enabled
[    0.541512] pnp: PnP ACPI init
[    0.543846] pnp: PnP ACPI: found 3 devices

[    0.556302] clocksource: acpi_pm: mask: 0xffffff max_cycles: 0xffffff, max_idle_ns: 2085701024 ns
[    0.559915] NET: Registered protocol family 2
[    0.561575] TCP established hash table entries: 8192 (order: 4, 65536 bytes)
[    0.563957] TCP bind hash table entries: 8192 (order: 5, 131072 bytes)
[    0.572015] TCP: Hash tables configured (established 8192 bind 8192)
[    0.573972] UDP hash table entries: 512 (order: 2, 16384 bytes)
[    0.575726] UDP-Lite hash table entries: 512 (order: 2, 16384 bytes)
[    0.577623] NET: Registered protocol family 1
[    0.578962] pci 0000:00:00.0: Limiting direct PCI/PCI transfers
[    0.580782] pci 0000:00:01.0: Activating ISA DMA hang workarounds
[  0.582738] pci 0000:00:02.0: Video device with shadowed ROM at [mem 0x000c0000-0x000dffff]
[    0.647716Unpacking initramfs...

[    1.113855] Freeing initrd memory: 19208K
[    1.115339] clocksource: tsc: mask: 0xffffffffffffffff max_cycles: 0x39790a55f3c, max_idle_ns: 881590548466 ns
[    1.118344] platform rtc_cmos: registered platform RTC device (no PNP device found)
[    1.120718] Scanning for low memory corruption every 60 seconds
[    1.123535] Initialise system trusted keyrings
[    1.124986] Key type blacklist registered
[    1.126345] workingset: timestamp_bits=36 max_order=18 bucket_order=0
[    1.129669] zbud: loaded
[    1.131283] squashfs: version 4.0 (2009/01/31) Phillip Lougher
[    1.133387] fuse init (API version 7.26)
[    1.137775] Key type asymmetric registered
[    1.139118] Asymmetric key parser 'x509' registered
[    1.140679] Block layer SCSI generic (bsg) driver version 0.4 loaded (major 246)
[    1.143052] io scheduler noop registered
[    1.144295] io scheduler deadline registered
[    1.145632] io scheduler cfq registered (default)
[    1.147496] ACPI: AC Adapter [AC] (on-line)
[    1.148906] input: Power Button as /devices/LNXSYSTM:00/LNXPWRBN:00/input/input0
[    1.151257] ACPI: Power Button [PWRF]
[    1.152522] input: Sleep Button as /devices/LNXSYSTM:00/LNXSLPBN:00/input/input1
[    1.157949] ACPI: Sleep Button [SLPF]
[    1.160448] Serial: 8250/16550 driver, 32 ports, IRQ sharing enabled
[    1.185253] 00:02: ttyS0 at I/O 0x3f8 (irq = 4, base_baud = 115200) is a 16550A
[    1.187683] ACPI: Battery Slot [BAT0] (battery present)
[    1.189193] Linux agpgart interface v0.103
[    1.197314] loop: module loaded
[    1.241624] scsi host0: ata_piix
[    1.371328] scsi host1: ata_piix
[    1.372452] ata1: PATA max UDMA/33 cmd 0x1f0 ctl 0x3f6 bmdma 0xd000 irq 14
[    1.373984] ata2: PATA max UDMA/33 cmd 0x170 ctl 0x376 bmdma 0xd008 irq 15
[    1.431234] libphy: Fixed MDIO Bus: probed
[    1.531320] tun: Universal TUN/TAP device driver, 1.6
[    1.551875] PPP generic driver version 2.4.2
[    1.553004] ehci_hcd: USB 2.0 'Enhanced' Host Controller (EHCI) Driver
[    1.554485] ehci-pci: EHCI PCI platform driver
[    1.555591] ehci-platform: EHCI generic platform driver
[    1.556904] ohci_hcd: USB 1.1 'Open' Host Controller (OHCI) Driver
[    1.558307] ohci-pci: OHCI PCI platform driver
[    1.559399] ohci-platform: OHCI generic platform driver
[    1.560675] uhci_hcd: USB Universal Host Controller Interface driver
[    1.569928] i8042: PNP: PS/2 Controller [PNP0303:PS2K,PNP0f03:PS2M] at 0x60,0x64 irq 1,12
[    1.572515] serio: i8042 KBD port at 0x60,0x64 irq 1
[    1.573726] serio: i8042 AUX port at 0x60,0x64 irq 12
[    1.575030] mousedev: PS/2 mouse device common for all mice
[    1.576664] input: AT Translated Set 2 keyboard as /devices/platform/i8042/serio0/input/input2
[    1.579170] rtc_cmos rtc_cmos: rtc core: registered rtc_cmos as rtc0
[    1.580790] rtc_cmos rtc_cmos: alarms up to one day, 114 bytes nvram
[    1.592525] i2c /dev entries driver
[    1.593695] device-mapper: uevent: version 1.0.3
[    1.595207] device-mapper: ioctl: 4.37.0-ioctl (2017-09-20) initialised: dm-devel@redhat.com
[    1.597822] ledtrig-cpu: registered to indicate activity on CPUs
[    1.600257] NET: Registered protocol family 10
[    1.625073] Segment Routing with IPv6
[    1.633119] NET: Registered protocol family 17
[    1.634517] Key type dns_resolver registered
[    1.636047] mce: Using 0 MCE banks
[    1.637148] RAS: Correctable Errors collector initialized.
[    1.638655] sched_clock: Marking stable (1637109930, 0)->(2775112089, -1138002159)
[    1.641336] registered taskstats version 1
[    1.658535] Loading compiled-in X.509 certificates
[    1.665039] Loaded X.509 cert 'Build time autogenerated kernel key: d019e8c5f4cbc828f6af43369f65a014a3a68371'
[    1.674159] zswap: loaded using pool lzo/zbud
[    1.713962] Key type big_key registered
[    1.727558] Key type trusted registered
[    1.734053] Key type encrypted registered
[    1.735571] AppArmor: AppArmor sha1 policy hashing enabled
[    1.749360] ima: No TPM chip found, activating TPM-bypass! (rc=-19)
[    1.750899] ima: Allocated hash algorithm: sha1
[    1.752028] evm: HMAC attrs: 0x1
[    1.801887]   Magic number: 4:805:493
[    1.826755] rtc_cmos rtc_cmos: setting system clock to 2020-05-13 18:29:43 UTC (1589394583)
[    1.828977] BIOS EDD facility v0.16 2004-Jun-25, 0 devices found
[    1.830368] EDD information not available.
[    1.835088] Freeing unused kernel image memory: 2432K
[    1.852194] Write protecting the kernel read-only data: 20480k
[    1.856797] Freeing unused kernel image memory: 2008K
[    1.860412] Freeing unused kernel image memory: 1880K
[    1.872635] x86/mm: Checked W+X mappings: passed, no W+X pages found.
[    1.874640] x86/mm: Checking user space page tables
[    1.885431] x86/mm: Checked W+X mappings: passed, no W+X pages found.
Loading, please wait...
starting version 237
[    1.993165] Fusion MPT base driver 3.04.20
[    1.994586] Copyright (c) 1999-2008 LSI Corporation
[    2.017962] e1000: Intel(R) PRO/1000 Network Driver - version 7.3.21-k8-NAPI
[    2.019824] e1000: Copyright (c) 1999-2006 Intel Corporation.
[    2.027253] Fusion MPT SPI Host driver 3.04.20
[    2.028861] AVX2 version of gcm_enc/dec engaged.
[    2.030314] AES CTR mode by8 optimization enabled
[    2.225797] input: ImExPS/2 Generic Explorer Mouse as /devices/platform/i8042/serio1/input/input4
[    2.446103] e1000 0000:00:03.0 eth0: (PCI:33MHz:32-bit) 02:85:4f:0b:ef:e7
[    2.492456] e1000 0000:00:03.0 eth0: Intel(R) PRO/1000 Network Connection
[    2.623375] mptbase: ioc0: Initiating bringup
[    2.625639] e1000 0000:00:03.0 enp0s3: renamed from eth0
[    2.742077] ioc0: LSI53C1030 A0: Capabilities={Initiator}
[    3.811554] scsi host2: ioc0: LSI53C1030 A0, FwRev=00000000h, Ports=1, MaxQ=256, IRQ=20
[    4.153828] scsi 2:0:0:0: Direct-Access     VBOX     HARDDISK         1.0  PQ: 0 ANSI: 5
[    4.224261] scsi target2:0:0: Beginning Domain Validation
[    4.551366] scsi target2:0:0: Domain Validation skipping write tests
[    4.552923] scsi target2:0:0: Ending Domain Validation
[    4.603549] scsi target2:0:0: asynchronous
[    4.653600] scsi 2:0:1:0: Direct-Access     VBOX     HARDDISK         1.0  PQ: 0 ANSI: 5
[    4.904223] scsi target2:0:1: Beginning Domain Validation
[    4.935759] random: fast init done
[    4.983830] scsi target2:0:1: Domain Validation skipping write tests
[    5.003063] scsi target2:0:1: Ending Domain Validation
[    5.004444] scsi target2:0:1: asynchronous
[    5.029053] random: systemd-udevd: uninitialized urandom read (16 bytes read)
[    5.033652] sd 2:0:0:0: Attached scsi generic sg0 type 0
[    5.034018] sd 2:0:0:0: [sda] 20971520 512-byte logical blocks: (10.7 GB/10.0 GiB)
[    5.038319] random: systemd-udevd: uninitialized urandom read (16 bytes read)
[    5.040809] sd 2:0:0:0: [sda] Write Protect is off
[    5.063756] random: systemd-udevd: uninitialized urandom read (16 bytes read)
[    5.066365] sd 2:0:1:0: Attached scsi generic sg1 type 0
[    5.066528] sd 2:0:0:0: [sda] Incomplete mode parameter data
[    5.073636] sd 2:0:0:0: [sda] Assuming drive cache: write through
[    5.077062] sd 2:0:1:0: [sdb] 20480 512-byte logical blocks: (10.5 MB/10.0 MiB)
[    5.079365] sd 2:0:1:0: [sdb] Write Protect is off
[    5.081169] sd 2:0:1:0: [sdb] Incomplete mode parameter data
[    5.082870] sd 2:0:1:0: [sdb] Assuming drive cache: write through
[    5.100217]  sda: sda1
[    5.102999] sd 2:0:0:0: [sda] Attached SCSI disk
[    5.129224] sd 2:0:1:0: [sdb] Attached SCSI disk
Begin: Loading essential drivers ... [    6.823548] raid6: sse2x1   gen()  7193 MB/s
[    6.908720] raid6: sse2x1   xor()  4225 MB/s
[    6.973853] raid6: sse2x2   gen()  7505 MB/s
[    7.043716] raid6: sse2x2   xor()  5104 MB/s
[    7.093667] raid6: sse2x4   gen()  8815 MB/s
[    7.143757] raid6: sse2x4   xor()  6033 MB/s
[    7.193722] raid6: avx2x1   gen() 11726 MB/s
[    7.240323] raid6: avx2x1   xor()  8150 MB/s
[    7.293789] raid6: avx2x2   gen() 15318 MB/s
[    7.340563] raid6: avx2x2   xor()  8340 MB/s
[    7.388536] raid6: avx2x4   gen() 11725 MB/s
[    7.453917] raid6: avx2x4   xor()  7695 MB/s
[    7.474623] raid6: using algorithm avx2x2 gen() 15318 MB/s
[    7.476306] raid6: .... xor() 8340 MB/s, rmw enabled
[    7.477780] raid6: using avx2x2 recovery algorithm
[    7.481309] xor: automatically using best checksumming function   avx       
[    7.491590] async_tx: api initialized (async)
done.
Begin: Running /scripts/init-premount ... done.
Begin: Mounting root file system ... Begin: Running /scripts/local-top ... done.
Begin: Running /scripts/local-premount ... [    7.567089] Btrfs loaded, crc32c=crc32c-intel
Scanning for Btrfs filesystems
done.
Warning: fsck not present, so skipping root file system
[    7.635093] EXT4-fs (sda1): mounted filesystem with ordered data mode. Opts: (null)
done.
Begin: Running /scripts/local-bottom ... done.
Begin: Running /scripts/init-bottom ... done.
[    8.571610] ip_tables: (C) 2000-2006 Netfilter Core Team
[    8.752553] systemd[1]: systemd 237 running in system mode. (+PAM +AUDIT +SELINUX +IMA +APPARMOR +SMACK +SYSVINIT +UTMP +LIBCRYPTSETUP +GCRYPT +GNUTLS +ACL +XZ +LZ4 +SECCOMP +BLKID +ELFUTILS +KMOD -IDN2 +IDN -PCRE2 default-hierarchy=hybrid)
[    8.776363] systemd[1]: Detected virtualization oracle.
[    8.777997] systemd[1]: Detected architecture x86-64.

Welcome to [1mUbuntu 18.04.4 LTS[0m!

[    8.813487] systemd[1]: Set hostname to <ubuntu>.
[    8.876356] systemd[1]: Initializing machine ID from random generator.
[    8.881351] systemd[1]: Installed transient /etc/machine-id file.
[    9.392276] random: crng init done
[    9.395963] random: 7 urandom warning(s) missed due to ratelimiting
[   10.293922] systemd[1]: Created slice User and Session Slice.
[[0;32m  OK  [0m] Created slice User and Session Slice.
[   10.316418] systemd[1]: Started Forward Password Requests to Wall Directory Watch.
[[0;32m  OK  [0m] Started Forward Password Requests to Wall Directory Watch.
[   10.389007] systemd[1]: Reached target User and Group Name Lookups.
[[0;32m  OK  [0m] Reached target User and Group Name Lookups.
[   10.416931] systemd[1]: Set up automount Arbitrary Executable File Formats File System Automount Point.
[[0;32m  OK  [0m] Set up automount Arbitrary Executab…rmats File System Automount Point.
[[0;32m  OK  [0m] Reached target System Time Synchronized.
[[0;32m  OK  [0m] Reached target Swap.
[[0;32m  OK  [0m] Created slice System Slice.
[[0;32m  OK  [0m] Listening on udev Kernel Socket.
[[0;32m  OK  [0m] Listening on Journal Socket.
         Mounting Kernel Debug File System...
         Mounting POSIX Message Queue File System...
         Starting Load Kernel Modules...
         Starting Set the console keyboard layout...
[[0;32m  OK  [0m] Listening on Journal Socket (/dev/log).
         Starting Create list of required st…ce nodes for the current kernel...
[[0;32m  OK  [0m] Reached target Slices.
[[0;32m  OK  [0m] Created slice system-serial\x2dgetty.slice.
[[0;32m  OK  [0m] Listening on Network Service Netlink Socket.
[[0;32m  OK  [0m] Listening on Syslog Socket.
[[0;32m  OK  [0m] Listening on LVM2 metadata daemon socket.
[   10.592353] Loading iSCSI transport class v2.0-870.
         Starting Remount Root and Kernel File Systems...
[[0;32m  OK  [0m] Listening on /dev/initctl Compatibility Named Pipe.
[[0;32m  OK  [0m] Listening on Device-mapper event daemon FIFOs.
         Starting Monitoring of LVM2 mirrors…ng dmeventd or progress polling...
         Mounting Huge Pages File System...
         Starting Uncomplicated firewall...
[[0;32m  OK  [0m] Listening on LVM2 poll daemon socket.
[[0;32m  OK  [0m] Listening on udev Control Socket.
         Starting udev Coldplug all Devices...
[[0;32m  OK  [0m] Listening on Journal Audit Socket.
         Starting Journal Service...
[[0;32m  OK  [0m] Mounted Kernel Debug File System.
[[0;32m  OK  [0m] Mounted POSIX Message Queue File System.
[[0;32m  OK  [0m] Started Create list of required sta…vice nodes for the current kernel.
[[0;32m  OK  [0m] Mounted Huge Pages File System.
         Starting Create Static Device Nodes in /dev...
[   10.698766] iscsi: registered transport (tcp)
[   10.782306] EXT4-fs (sda1): re-mounted. Opts: (null)
[[0;32m  OK  [0m] Started Remount Root and Kernel File Systems.
         Starting Load/Save Random Seed...
[[0;32m  OK  [0m] Started Journal Service.
[[0;32m  OK  [0m] Started Uncomplicated firewall.
         Starting Flush Journal to Persistent Storage...
[[0;32m  OK  [0m] Started Load/Save Random Seed.
[   11.215705] systemd-journald[396]: Received request to flush runtime journal from PID 1
[[0;32m  OK  [0m] Started udev Coldplug all Devices.
[[0;32m  OK  [0m] Started Set the console keyboard layout.
[   11.393946] iscsi: registered transport (iser)
[[0;32m  OK  [0m] Started Load Kernel Modules.
         Mounting FUSE Control File System...
         Mounting Kernel Configuration File System...
         Starting Apply Kernel Variables...
[[0;32m  OK  [0m] Mounted FUSE Control File System.
[[0;32m  OK  [0m] Mounted Kernel Configuration File System.
[[0;32m  OK  [0m] Started LVM2 metadata daemon.
[[0;32m  OK  [0m] Started Create Static Device Nodes in /dev.
         Starting udev Kernel Device Manager...
[[0;32m  OK  [0m] Started Apply Kernel Variables.
[[0;32m  OK  [0m] Started Flush Journal to Persistent Storage.
[[0;32m  OK  [0m] Started Monitoring of LVM2 mirrors,…sing dmeventd or progress polling.
[[0;32m  OK  [0m] Reached target Local File Systems (Pre).
[[0;32m  OK  [0m] Reached target Local File Systems.
         Starting Commit a transient machine-id on disk...
         Starting Tell Plymouth To Write Out Runtime Data...
         Starting Create Volatile Files and Directories...
         Starting Set console font and keymap...
         Starting AppArmor initialization...
         Starting ebtables ruleset management...
[[0;32m  OK  [0m] Started udev Kernel Device Manager.
[[0;32m  OK  [0m] Started Dispatch Password Requests to Console Directory Watch.
[[0;32m  OK  [0m] Reached target Local Encrypted Volumes.
[[0;32m  OK  [0m] Started Tell Plymouth To Write Out Runtime Data.
[[0;32m  OK  [0m] Started Set console font and keymap.
[[0;32m  OK  [0m] Started Create Volatile Files and Directories.
         Starting Update UTMP about System Boot/Shutdown...
[[0;32m  OK  [0m] Started Update UTMP about System Boot/Shutdown.
[[0;32m  OK  [0m] Started Commit a transient machine-id on disk.
[[0;32m  OK  [0m] Found device /dev/ttyS0.
[[0;32m  OK  [0m] Started ebtables ruleset management.
[[0;32m  OK  [0m] Listening on Load/Save RF Kill Switch Status /dev/rfkill Watch.
[[0;32m  OK  [0m] Started AppArmor initialization.
         Starting Initial cloud-init job (pre-networking)...
[   18.158175] cloud-init[540]: Cloud-init v. 19.4-33-gbb4131a2-0ubuntu1~18.04.1 running 'init-local' at Wed, 13 May 2020 18:29:58 +0000. Up 17.31 seconds.
[[0;32m  OK  [0m] Started Initial cloud-init job (pre-networking).
[[0;32m  OK  [0m] Reached target Network (Pre).
         Starting Network Service...
[[0;32m  OK  [0m] Started Network Service.
         Starting Network Name Resolution...
         Starting Wait for Network to be Configured...
[[0;32m  OK  [0m] Started Network Name Resolution.
[[0;32m  OK  [0m] Reached target Host and Network Name Lookups.
[[0;32m  OK  [0m] Reached target Network.
[[0;32m  OK  [0m] Started Wait for Network to be Configured.
         Starting Initial cloud-init job (metadata service crawler)...
[   20.551120] cloud-init[655]: Cloud-init v. 19.4-33-gbb4131a2-0ubuntu1~18.04.1 running 'init' at Wed, 13 May 2020 18:30:01 +0000. Up 20.19 seconds.
[   20.568775] cloud-init[655]: ci-info: ++++++++++++++++++++++++++++++++++++++Net device info++++++++++++++++++++++++++++++++++++++
[   20.605043] cloud-init[655]: ci-info: +--------+------+----------------------------+---------------+--------+-------------------+
[   20.620489] cloud-init[655]: ci-info: | Device |  Up  |          Address           |      Mask     | Scope  |     Hw-Address    |
[   20.678859] cloud-init[655]: ci-info: +--------+------+----------------------------+---------------+--------+-------------------+
[   20.706363] cloud-init[655]: ci-info: | enp0s3 | True |         10.0.2.15          | 255.255.255.0 | global | 02:85:4f:0b:ef:e7 |
[   20.769188] cloud-init[655]: ci-info: | enp0s3 | True | fe80::85:4fff:fe0b:efe7/64 |       .       |  link  | 02:85:4f:0b:ef:e7 |
[   20.777479] cloud-init[655]: ci-info: |   lo   | True |         127.0.0.1          |   255.0.0.0   |  host  |         .         |
[   20.792345] cloud-init[655]: ci-info: |   lo   | True |          ::1/128           |       .       |  host  |         .         |
[   20.813507] cloud-init[655]: ci-info: +--------+------+----------------------------+---------------+--------+-------------------+
[   20.835461] cloud-init[655]: ci-info: ++++++++++++++++++++++++++++Route IPv4 info+++++++++++++++++++++++++++++
[   20.839917] cloud-init[655]: ci-info: +-------+-------------+----------+-----------------+-----------+-------+
[   20.843718] cloud-init[655]: ci-info: | Route | Destination | Gateway  |     Genmask     | Interface | Flags |
[   20.846795] cloud-init[655]: ci-info: +-------+-------------+----------+-----------------+-----------+-------+
[   20.864561] cloud-init[655]: ci-info: |   0   |   0.0.0.0   | 10.0.2.2 |     0.0.0.0     |   enp0s3  |   UG  |
[   20.872130] cloud-init[655]: ci-info: |   1   |   10.0.2.0  | 0.0.0.0  |  255.255.255.0  |   enp0s3  |   U   |
[   20.875816] cloud-init[655]: ci-info: |   2   |   10.0.2.2  | 0.0.0.0  | 255.255.255.255 |   enp0s3  |   UH  |
[   20.879677] cloud-init[655]: ci-info: +-------+-------------+----------+-----------------+-----------+-------+
[   20.904816] cloud-init[655]: ci-info: +++++++++++++++++++Route IPv6 info+++++++++++++++++++
[   20.908371] cloud-init[655]: ci-info: +-------+-------------+---------+-----------+-------+
[   20.952663] cloud-init[655]: ci-info: | Route | Destination | Gateway | Interface | Flags |
[   20.960857] cloud-init[655]: ci-info: +-------+-------------+---------+-----------+-------+
[   20.968466] cloud-init[655]: ci-info: |   1   |  fe80::/64  |    ::   |   enp0s3  |   U   |
[   20.988506] cloud-init[655]: ci-info: |   3   |    local    |    ::   |   enp0s3  |   U   |
[   20.995045] cloud-init[655]: ci-info: |   4   |   ff00::/8  |    ::   |   enp0s3  |   U   |
[   21.000394] cloud-init[655]: ci-info: +-------+-------------+---------+-----------+-------+
[   22.537543] cloud-init[655]: Generating public/private rsa key pair.
[   22.552932] cloud-init[655]: Your identification has been saved in /etc/ssh/ssh_host_rsa_key.
[   22.555123] cloud-init[655]: Your public key has been saved in /etc/ssh/ssh_host_rsa_key.pub.
[   22.557271] cloud-init[655]: The key fingerprint is:
[   22.558632] cloud-init[655]: SHA256:5063IqT1BQPwdiR1+tFJ1z2+aDQ4BTmUrMAR38BFLLQ root@ubuntu-bionic
[   22.560816] cloud-init[655]: The key's randomart image is:
[   22.562189] cloud-init[655]: +---[RSA 2048]----+
[   22.563476] cloud-init[655]: |      o+*+O== . +|
[   22.564646] cloud-init[655]: |       +o=+O + +o|
[   22.582720] cloud-init[655]: |        +E=.= + .|
[   22.583827] cloud-init[655]: |       . oo+ + . |
[   22.592685] cloud-init[655]: |        S .o+ o .|
[   22.612684] cloud-init[655]: |        oo  .o . |
[[   22.636571] cloud-init[655]: |       + .o.o    |
[   22.637500] cloud-init[655]: |      . .oo. .   |
[   22.638260] cloud-init[655]: |         ....    |
[0;32m  OK  [0m] Started Initial cloud-init job (metadata service crawler).
[   22.638830] cloud-init[655]: +----[SHA256]-----+
[   22.659363] cloud-init[655]: Generating public/private dsa key pair.
[[   22.672438] cloud-init[655]: Your identification has been saved in /etc/ssh/ssh_host_dsa_key.
[   22.672991] cloud-init[655]: Your public key has been saved in /etc/ssh/ssh_host_dsa_key.pub.
[   22.673603] cloud-init[655]: The key fingerprint is:
[   22.674118] cloud-init[655]: SHA256:2HBNogtFCQdfJy3ol7dw0ibveSdKHsk1dFqk3geP1oo root@ubuntu-bionic
[   22.674727] cloud-init[655]: The key's randomart image is:
[   22.675236] cloud-init[655]: +---[DSA 1024]----+
[   22.675821] cloud-init[655]: |    o++o+.o   .  |
[   22.676458] cloud-init[655]: |     +oo.*.  o   |
[   22.677027] cloud-init[655]: |    ..+ .+. o +  |
[   22.677662] cloud-init[655]: |     ..** =o = = |
[   22.678350] cloud-init[655]: |      o.SO .= + +|
[   22.679042] cloud-init[655]: |         .oo + o |
[   22.679704] cloud-init[655]: |         .=.E .  |
[   22.681051] cloud-init[655]: |         oo.o .  |
[   22.681676] cloud-init[655]: |          oo o   |
[   22.682343] cloud-init[655]: +----[SHA256]-----+
[   22.682921] cloud-init[655]: Generating public/private ecdsa key pair.
[   22.683360] cloud-init[655]: Your identification has been saved in /etc/ssh/ssh_host_ecdsa_key.
[   22.683823] cloud-init[655]: Your public key has been saved in /etc/ssh/ssh_host_ecdsa_key.pub.
[   22.684319] cloud-init[655]: The key fingerprint is:
[   22.684759] cloud-init[655]: SHA256:ZooZ8ucbXNVxpDVXOwktDD7QPwezJJX4L93vnBSsHHA root@ubuntu-bionic
[   22.685209] cloud-init[655]: The key's randomart image is:
[   22.685662] cloud-init[655]: +---[ECDSA 256]---+
[   22.685890] cloud-init[655]: |         ...*+B +|
[0;32m  OK  [0m] Reached target System Initialization.
[   22.685980] cloud-init[655]: |          o= %.+o|
[   22.762214] cloud-init[655]: |          .+BE=+ |
[[0;32m  OK  [0m] Listening on D-Bus System Message Bus Socket.
[[0;32m  OK  [0m] Started Daily apt download activities.
[[0;32m  OK  [0m] Started Message of the Day.
[   22.782878] cloud-init[655]: |         .  +=...|
[   22.825762] cloud-init[655]: |  . .   S    .=o.|
[   22.842996] cloud-init[655]: |   o = =    ..ooo|
[   22.860663] cloud-init[655]: |    + =      o...|
[   22.863574] cloud-init[655]: |     o .      ..o|
[[0;32m  OK  [0m] Started ACPI Events Check.
[   22.869622] cloud-init[655]: |      o.       oo|
[   22.872932] cloud-init[655]: +----[SHA256]-----+
[   22.874585] cloud-init[655]: Generating public/private ed25519 key pair.
         Starting LXD - unix socket.
[[0;32m  OK  [0m] Started Discard unused blocks once a week.
[[0;32m  OK  [0m] Reached target Paths.
[[0;32m  OK  [0m] Started Daily apt upgrade and clean activities.
         Starting Socket activation for snappy daemon.
[[0;32m  OK  [0m] Listening on ACPID Listen Socket.
[[0;32m  OK  [0m] Listening on Open-iSCSI iscsid Socket.
[[0;32m  OK  [0m] Started Daily Cleanup of Temporary Directories.
[[0;32m  OK  [0m] Reached target Timers.
[[0;32m  OK  [0m] Listening on UUID daemon activation socket.
[[0;32m  OK  [0m] Reached target Cloud-config availability.
[[0;32m  OK  [0m] Reached target Network is Online.
         Starting Availability of block devices...
[[0;32m  OK  [0m] Reached target Remote File Systems (Pre).
[[0;32m  OK  [0m] Reached target Remote File Systems.
[   22.878063] cloud-init[655]: Your identification has been saved in /etc/ssh/ssh_host_ed25519_key.
[   22.908618] cloud-init[655]: Your public key has been saved in /etc/ssh/ssh_host_ed25519_key.pub.
[   22.909402] cloud-init[655]: The key fingerprint is:
[   22.910256] cloud-init[655]: SHA256:5PQOFRrdHRqxmnWeSUbY8s2leG4zmwsIpctw9p1/FtY root@ubuntu-bionic
[   22.911168] cloud-init[655]: The key's randomart image is:
[   22.911447] cloud-init[655]: +--[ED25519 256]--+
[   22.911744] [[0;32m  OK  [0m] Listening on LXD - unix socket.
[[0;32m  OK  [0m] Listening on Socket activation for snappy daemon.
[[0;32m  OK  [0m] Reached target Sockets.
[[0;32m  OK  [0m] Reached target Basic System.
         Starting LXD - container startup/shutdown...
cloud-init[655]: |        ....o=o. |
[   22.924622] cloud-init[655]: |         o..+=o .|
[   22.925914] cloud-init[655]: |        + o ++++.|
[[0;32m  OK  [0m] Started irqbalance daemon.
[[0;32m  OK  [0m] Started Deferred execution scheduler.
         Starting Virtualbox guest utils...
[   22.932494] cloud-init[655]: |       + = +.=+oo|
         Starting Permit User Sessions...
         Starting Accounts Service...
[   22.946847] cloud-init[655]: |      . S +  o+ .|
[   22.952872] cloud-init[655]: |       = * o .=oE|
[   22.954100] cloud-init[655]: |        o + +..=.|
[   22.955343] cloud-init[655]: |             oo o|
[   22.957017] cloud-init[655]: |              o+ |
[   22.958368] cloud-init[655]: +----[SHA256]-----+
         Starting Pollinate to seed the pseudo random number generator...
         Starting System Logging Service...
[[0;32m  OK  [0m] Started D-Bus System Message Bus.
         Starting Login Service...
         Starting Dispatcher daemon for systemd-networkd...
         Starting LSB: automatic crash report generation...
[[0;32m  OK  [0m] Started Regular background program processing daemon.
         Starting LSB: Record successful boot for GRUB...
[[0;32m  OK  [0m] Started FUSE filesystem for LXC.
         Starting Snappy daemon...
[[0;32m  OK  [0m] Started System Logging Service.
[[0;32m  OK  [0m] Started Availability of block devices.
[[0;32m  OK  [0m] Started Permit User Sessions.
[[0;32m  OK  [0m] Started Login Service.
[[0;32m  OK  [0m] Started Unattended Upgrades Shutdown.
         Starting Authorization Manager...
         Starting Hold until boot process finishes up...
         Starting Terminate Plymouth Boot Screen...
[[0;32m  OK  [0m] Started Hold until boot process finishes up.
[[0;32m  OK  [0m] Started Terminate Plymouth Boot Screen.
         Starting Set console scheme...
[[0;32m  OK  [0m] Started Serial Getty on ttyS0.
[[0;32m  OK  [0m] Started Set console scheme.
[[0;32m  OK  [0m] Created slice system-getty.slice.
[[0;32m  OK  [0m] Started Getty on tty1.
[[0;32m  OK  [0m] Reached target Login Prompts.
[[0;32m  OK  [0m] Started LSB: automatic crash report generation.
[[0;32m  OK  [0m] Started LSB: Record successful boot for GRUB.
[[0;32m  OK  [0m] Started Authorization Manager.
[[0;32m  OK  [0m] Started Virtualbox guest utils.
[[0;32m  OK  [0m] Started Accounts Service.
[[0;32m  OK  [0m] Started Dispatcher daemon for systemd-networkd.
[[0;32m  OK  [0m] Started LXD - container startup/shutdown.
[[0;32m  OK  [0m] Started Snappy daemon.
         Starting Wait until snapd is fully seeded...

Ubuntu 18.04.4 LTS ubuntu-bionic ttyS0

ubuntu-bionic login: [   38.933636] cloud-init[1456]: Cloud-init v. 19.4-33-gbb4131a2-0ubuntu1~18.04.1 running 'modules:config' at Wed, 13 May 2020 18:30:18 +0000. Up 36.71 seconds.
ci-info: no authorized SSH keys fingerprints found for user ubuntu.
<14>May 13 18:30:22 ec2: 
<14>May 13 18:30:22 ec2: #############################################################
<14>May 13 18:30:22 ec2: -----BEGIN SSH HOST KEY FINGERPRINTS-----
<14>May 13 18:30:22 ec2: 1024 SHA256:2HBNogtFCQdfJy3ol7dw0ibveSdKHsk1dFqk3geP1oo root@ubuntu-bionic (DSA)
<14>May 13 18:30:22 ec2: 256 SHA256:ZooZ8ucbXNVxpDVXOwktDD7QPwezJJX4L93vnBSsHHA root@ubuntu-bionic (ECDSA)
<14>May 13 18:30:22 ec2: 256 SHA256:5PQOFRrdHRqxmnWeSUbY8s2leG4zmwsIpctw9p1/FtY root@ubuntu-bionic (ED25519)
<14>May 13 18:30:22 ec2: 2048 SHA256:5063IqT1BQPwdiR1+tFJ1z2+aDQ4BTmUrMAR38BFLLQ root@ubuntu-bionic (RSA)
<14>May 13 18:30:22 ec2: -----END SSH HOST KEY FINGERPRINTS-----
<14>May 13 18:30:22 ec2: #############################################################
-----BEGIN SSH HOST KEY KEYS-----
ecdsa-sha2-nistp256 AAAAE2VjZHNhLXNoYTItbmlzdHAyNTYAAAAIbmlzdHAyNTYAAABBBPhkVJh4oXV6JwGquhnVpzUL+Kr0+gryRx6qRi0e60tWmHF5J69oUMpE4Z5V2lVRpYRrv8bFUo4EvnF6sGPy0oM= root@ubuntu-bionic
ssh-ed25519 AAAAC3NzaC1lZDI1NTE5AAAAIHJSbVoQxr7qRfe53JyhVEHUOBOL545LM3tuBA7q+QIM root@ubuntu-bionic
ssh-rsa AAAAB3NzaC1yc2EAAAADAQABAAABAQDR9XyVaSGsfCwHbiqTBf82mhmEPQrzpi1FeOlmq/qHCf4wOd6gNx1UWzzW/zKX19BH7IHO8fHAqWpq27asOArW4CkUN64jS7Aq5OlaZAx4JiYT1xAqsNxC99OtTy9kpOO9XHntfMflVmIn5rJHV1ncGvM7JLzOvf2xNssDlUi9XIW7/8eNyG8cX0dLOssIoAuTQhm+6hsHN1HQv8M730VjhCgxpwsRk/WRSACPN2YAaJ8K6zzmhZAwQjiqLgZtkgnxJ76UQT0+uxtK5UtiWOYp7CySGD453150LKXgjSEGUhQHKvLazr1NDKHApQRmehOb232ALoSz0mGdGt2AsPUL root@ubuntu-bionic
-----END SSH HOST KEY KEYS-----
[   40.407242] cloud-init[1606]: Cloud-init v. 19.4-33-gbb4131a2-0ubuntu1~18.04.1 running 'modules:final' at Wed, 13 May 2020 18:30:21 +0000. Up 40.04 seconds.
[   40.407472] cloud-init[1606]: ci-info: no authorized SSH keys fingerprints found for user ubuntu.
[   40.407625] cloud-init[1606]: Cloud-init v. 19.4-33-gbb4131a2-0ubuntu1~18.04.1 finished at Wed, 13 May 2020 18:30:22 +0000. Datasource DataSourceNoCloud [seed=/dev/sdb][dsmode=net].  Up 40.38 seconds
